[22-Jun-2022 15:19:01 UTC] PHP Warning:  opendir(/Users/MariyaHarizanova/Desktop/mariya-test): Failed to open directory: Operation not permitted in /Users/MariyaHarizanova/.composer/vendor/laravel/valet/server.php on line 132
[22-Jun-2022 15:19:24 UTC] PHP Warning:  opendir(/Users/MariyaHarizanova/Desktop/mariya-test): Failed to open directory: Operation not permitted in /Users/MariyaHarizanova/.composer/vendor/laravel/valet/server.php on line 132
[22-Jun-2022 15:19:35 UTC] PHP Warning:  opendir(/Users/MariyaHarizanova/Desktop/mariya-test): Failed to open directory: Operation not permitted in /Users/MariyaHarizanova/.composer/vendor/laravel/valet/server.php on line 132
[22-Jun-2022 15:19:36 UTC] PHP Warning:  opendir(/Users/MariyaHarizanova/Desktop/mariya-test): Failed to open directory: Operation not permitted in /Users/MariyaHarizanova/.composer/vendor/laravel/valet/server.php on line 132
[22-Jun-2022 15:21:19 UTC] PHP Warning:  opendir(/Users/MariyaHarizanova/Desktop/mariya-test): Failed to open directory: Operation not permitted in /Users/MariyaHarizanova/.composer/vendor/laravel/valet/server.php on line 132
[22-Jun-2022 15:21:22 UTC] PHP Warning:  opendir(/Users/MariyaHarizanova/Desktop/mariya-test): Failed to open directory: Operation not permitted in /Users/MariyaHarizanova/.composer/vendor/laravel/valet/server.php on line 132
[22-Jun-2022 15:21:25 UTC] PHP Warning:  opendir(/Users/MariyaHarizanova/Desktop/mariya-test): Failed to open directory: Operation not permitted in /Users/MariyaHarizanova/.composer/vendor/laravel/valet/server.php on line 132
[22-Jun-2022 15:22:18 UTC] PHP Warning:  opendir(/Users/MariyaHarizanova/Desktop/mariya-test): Failed to open directory: Operation not permitted in /Users/MariyaHarizanova/.composer/vendor/laravel/valet/server.php on line 132
[22-Jun-2022 15:24:26 UTC] PHP Warning:  opendir(/Users/MariyaHarizanova/Desktop/mariya-test): Failed to open directory: Operation not permitted in /Users/MariyaHarizanova/.composer/vendor/laravel/valet/server.php on line 132
[22-Jun-2022 15:37:08 UTC] PHP Warning:  opendir(/Users/MariyaHarizanova/Desktop/mariya-test): Failed to open directory: Operation not permitted in /Users/MariyaHarizanova/.composer/vendor/laravel/valet/server.php on line 132
[22-Jun-2022 15:37:10 UTC] PHP Warning:  opendir(/Users/MariyaHarizanova/Desktop/mariya-test): Failed to open directory: Operation not permitted in /Users/MariyaHarizanova/.composer/vendor/laravel/valet/server.php on line 132
[22-Jun-2022 15:37:12 UTC] PHP Warning:  opendir(/Users/MariyaHarizanova/Desktop/mariya-test): Failed to open directory: Operation not permitted in /Users/MariyaHarizanova/.composer/vendor/laravel/valet/server.php on line 132
[22-Jun-2022 15:39:00 UTC] PHP Warning:  opendir(/Users/MariyaHarizanova/Desktop/mariya-test): Failed to open directory: Operation not permitted in /Users/MariyaHarizanova/.composer/vendor/laravel/valet/server.php on line 132
[22-Jun-2022 15:39:01 UTC] PHP Warning:  opendir(/Users/MariyaHarizanova/Desktop/mariya-test): Failed to open directory: Operation not permitted in /Users/MariyaHarizanova/.composer/vendor/laravel/valet/server.php on line 132
[22-Jun-2022 15:39:31 UTC] PHP Warning:  opendir(/Users/MariyaHarizanova/Desktop/mariya-test): Failed to open directory: Operation not permitted in /Users/MariyaHarizanova/.composer/vendor/laravel/valet/server.php on line 132
[22-Jun-2022 15:41:39 UTC] PHP Warning:  opendir(/Users/MariyaHarizanova/Desktop/mariya-test): Failed to open directory: Operation not permitted in /Users/MariyaHarizanova/.composer/vendor/laravel/valet/server.php on line 132
[22-Jun-2022 15:41:39 UTC] PHP Warning:  opendir(/Users/MariyaHarizanova/Desktop/mariya-test/project): Failed to open directory: Operation not permitted in /Users/MariyaHarizanova/.composer/vendor/laravel/valet/server.php on line 132
[22-Jun-2022 19:44:22 UTC] PHP Warning:  require(/Users/MariyaHarizanova/mariya_test/source/vendor/autoload.php): Failed to open stream: No such file or directory in /Users/MariyaHarizanova/mariya_test/source/artisan on line 18
[22-Jun-2022 19:44:22 UTC] PHP Fatal error:  Uncaught Error: Failed opening required '/Users/MariyaHarizanova/mariya_test/source/vendor/autoload.php' (include_path='.:/opt/homebrew/Cellar/php/8.1.5/share/php/pear') in /Users/MariyaHarizanova/mariya_test/source/artisan:18
Stack trace:
#0 {main}
  thrown in /Users/MariyaHarizanova/mariya_test/source/artisan on line 18
[22-Jun-2022 19:44:40 UTC] PHP Warning:  require(/Users/MariyaHarizanova/mariya_test/source/vendor/autoload.php): Failed to open stream: No such file or directory in /Users/MariyaHarizanova/mariya_test/source/artisan on line 18
[22-Jun-2022 19:44:40 UTC] PHP Fatal error:  Uncaught Error: Failed opening required '/Users/MariyaHarizanova/mariya_test/source/vendor/autoload.php' (include_path='.:/opt/homebrew/Cellar/php/8.1.5/share/php/pear') in /Users/MariyaHarizanova/mariya_test/source/artisan:18
Stack trace:
#0 {main}
  thrown in /Users/MariyaHarizanova/mariya_test/source/artisan on line 18
[22-Jun-2022 19:49:06 UTC] PHP Warning:  require(/Users/MariyaHarizanova/mariya-test/project/vendor/autoload.php): Failed to open stream: No such file or directory in /Users/MariyaHarizanova/mariya-test/project/artisan on line 18
[22-Jun-2022 19:49:06 UTC] PHP Fatal error:  Uncaught Error: Failed opening required '/Users/MariyaHarizanova/mariya-test/project/vendor/autoload.php' (include_path='.:/opt/homebrew/Cellar/php/8.1.5/share/php/pear') in /Users/MariyaHarizanova/mariya-test/project/artisan:18
Stack trace:
#0 {main}
  thrown in /Users/MariyaHarizanova/mariya-test/project/artisan on line 18
[23-Jun-2022 17:36:26 UTC] PHP Warning:  opendir(/Users/MariyaHarizanova/Desktop/mariya-test): Failed to open directory: Operation not permitted in /Users/MariyaHarizanova/.composer/vendor/laravel/valet/server.php on line 132
[23-Jun-2022 17:36:26 UTC] PHP Warning:  opendir(/Users/MariyaHarizanova/Desktop/mariya-test/project): Failed to open directory: Operation not permitted in /Users/MariyaHarizanova/.composer/vendor/laravel/valet/server.php on line 132
[23-Jun-2022 17:36:26 UTC] PHP Warning:  opendir(/Users/MariyaHarizanova/Desktop/mariya-test): Failed to open directory: Operation not permitted in /Users/MariyaHarizanova/.composer/vendor/laravel/valet/server.php on line 132
[23-Jun-2022 17:36:26 UTC] PHP Warning:  opendir(/Users/MariyaHarizanova/Desktop/mariya-test/project): Failed to open directory: Operation not permitted in /Users/MariyaHarizanova/.composer/vendor/laravel/valet/server.php on line 132
[23-Jun-2022 17:37:10 UTC] PHP Warning:  opendir(/Users/MariyaHarizanova/Desktop/mariya-test): Failed to open directory: Operation not permitted in /Users/MariyaHarizanova/.composer/vendor/laravel/valet/server.php on line 132
[23-Jun-2022 17:37:10 UTC] PHP Warning:  opendir(/Users/MariyaHarizanova/Desktop/mariya-test/project): Failed to open directory: Operation not permitted in /Users/MariyaHarizanova/.composer/vendor/laravel/valet/server.php on line 132
[23-Jun-2022 17:37:12 UTC] PHP Warning:  opendir(/Users/MariyaHarizanova/Desktop/mariya-test): Failed to open directory: Operation not permitted in /Users/MariyaHarizanova/.composer/vendor/laravel/valet/server.php on line 132
[23-Jun-2022 17:37:12 UTC] PHP Warning:  opendir(/Users/MariyaHarizanova/Desktop/mariya-test/project): Failed to open directory: Operation not permitted in /Users/MariyaHarizanova/.composer/vendor/laravel/valet/server.php on line 132
[23-Jun-2022 23:43:45 UTC] PHP Warning:  opendir(/Users/MariyaHarizanova/Desktop/mariya-test): Failed to open directory: Operation not permitted in /Users/MariyaHarizanova/.composer/vendor/laravel/valet/server.php on line 132
[23-Jun-2022 23:43:45 UTC] PHP Warning:  opendir(/Users/MariyaHarizanova/Desktop/mariya-test/project): Failed to open directory: Operation not permitted in /Users/MariyaHarizanova/.composer/vendor/laravel/valet/server.php on line 132
[23-Jun-2022 23:43:45 UTC] PHP Warning:  opendir(/Users/MariyaHarizanova/Desktop/mariya-test): Failed to open directory: Operation not permitted in /Users/MariyaHarizanova/.composer/vendor/laravel/valet/server.php on line 132
[23-Jun-2022 23:43:45 UTC] PHP Warning:  opendir(/Users/MariyaHarizanova/Desktop/mariya-test/project): Failed to open directory: Operation not permitted in /Users/MariyaHarizanova/.composer/vendor/laravel/valet/server.php on line 132
[23-Jun-2022 23:44:24 UTC] PHP Warning:  opendir(/Users/MariyaHarizanova/Desktop/mariya-test): Failed to open directory: Operation not permitted in /Users/MariyaHarizanova/.composer/vendor/laravel/valet/server.php on line 132
[23-Jun-2022 23:44:24 UTC] PHP Warning:  opendir(/Users/MariyaHarizanova/Desktop/mariya-test/project): Failed to open directory: Operation not permitted in /Users/MariyaHarizanova/.composer/vendor/laravel/valet/server.php on line 132
[23-Jun-2022 23:44:24 UTC] PHP Warning:  opendir(/Users/MariyaHarizanova/Desktop/mariya-test): Failed to open directory: Operation not permitted in /Users/MariyaHarizanova/.composer/vendor/laravel/valet/server.php on line 132
[23-Jun-2022 23:44:24 UTC] PHP Warning:  opendir(/Users/MariyaHarizanova/Desktop/mariya-test/project): Failed to open directory: Operation not permitted in /Users/MariyaHarizanova/.composer/vendor/laravel/valet/server.php on line 132
[23-Jun-2022 23:44:27 UTC] PHP Warning:  opendir(/Users/MariyaHarizanova/Desktop/mariya-test): Failed to open directory: Operation not permitted in /Users/MariyaHarizanova/.composer/vendor/laravel/valet/server.php on line 132
[23-Jun-2022 23:44:27 UTC] PHP Warning:  opendir(/Users/MariyaHarizanova/Desktop/mariya-test/project): Failed to open directory: Operation not permitted in /Users/MariyaHarizanova/.composer/vendor/laravel/valet/server.php on line 132
[28-Jun-2022 22:31:19 UTC] PHP Warning:  opendir(/Users/MariyaHarizanova/Desktop/mariya-test): Failed to open directory: Operation not permitted in /Users/MariyaHarizanova/.composer/vendor/laravel/valet/server.php on line 132
[28-Jun-2022 22:31:19 UTC] PHP Warning:  opendir(/Users/MariyaHarizanova/Desktop/mariya-test/project): Failed to open directory: Operation not permitted in /Users/MariyaHarizanova/.composer/vendor/laravel/valet/server.php on line 132
[13-Jul-2022 14:39:09 UTC] PHP Warning:  require(/Users/MariyaHarizanova/nest22006/source/vendor/autoload.php): Failed to open stream: No such file or directory in /Users/MariyaHarizanova/nest22006/source/artisan on line 18
[13-Jul-2022 14:39:09 UTC] PHP Fatal error:  Uncaught Error: Failed opening required '/Users/MariyaHarizanova/nest22006/source/vendor/autoload.php' (include_path='.:/opt/homebrew/Cellar/php/8.1.5/share/php/pear') in /Users/MariyaHarizanova/nest22006/source/artisan:18
Stack trace:
#0 {main}
  thrown in /Users/MariyaHarizanova/nest22006/source/artisan on line 18
[13-Jul-2022 14:40:11 UTC] PHP Warning:  require(/Users/MariyaHarizanova/nest22006/source/vendor/autoload.php): Failed to open stream: No such file or directory in /Users/MariyaHarizanova/nest22006/source/artisan on line 18
[13-Jul-2022 14:40:11 UTC] PHP Fatal error:  Uncaught Error: Failed opening required '/Users/MariyaHarizanova/nest22006/source/vendor/autoload.php' (include_path='.:/opt/homebrew/Cellar/php/8.1.5/share/php/pear') in /Users/MariyaHarizanova/nest22006/source/artisan:18
Stack trace:
#0 {main}
  thrown in /Users/MariyaHarizanova/nest22006/source/artisan on line 18
[13-Jul-2022 15:22:07 UTC] PHP Warning:  opendir(/Users/MariyaHarizanova/Desktop/mariya-test): Failed to open directory: Operation not permitted in /Users/MariyaHarizanova/.composer/vendor/laravel/valet/server.php on line 132
[13-Jul-2022 15:22:07 UTC] PHP Warning:  opendir(/Users/MariyaHarizanova/Desktop/mariya-test/project): Failed to open directory: Operation not permitted in /Users/MariyaHarizanova/.composer/vendor/laravel/valet/server.php on line 132
[13-Jul-2022 15:22:08 UTC] PHP Warning:  opendir(/Users/MariyaHarizanova/Desktop/mariya-test): Failed to open directory: Operation not permitted in /Users/MariyaHarizanova/.composer/vendor/laravel/valet/server.php on line 132
[13-Jul-2022 15:22:08 UTC] PHP Warning:  opendir(/Users/MariyaHarizanova/Desktop/mariya-test/project): Failed to open directory: Operation not permitted in /Users/MariyaHarizanova/.composer/vendor/laravel/valet/server.php on line 132
[13-Jul-2022 16:57:07 UTC] PHP Warning:  require(/Users/MariyaHarizanova/nest22006/source/vendor/autoload.php): Failed to open stream: No such file or directory in /Users/MariyaHarizanova/nest22006/source/artisan on line 18
[13-Jul-2022 16:57:07 UTC] PHP Fatal error:  Uncaught Error: Failed opening required '/Users/MariyaHarizanova/nest22006/source/vendor/autoload.php' (include_path='.:/opt/homebrew/Cellar/php/8.1.5/share/php/pear') in /Users/MariyaHarizanova/nest22006/source/artisan:18
Stack trace:
#0 {main}
  thrown in /Users/MariyaHarizanova/nest22006/source/artisan on line 18
[13-Jul-2022 16:58:33 UTC] PHP Warning:  require(/Users/MariyaHarizanova/nest22006/source/vendor/autoload.php): Failed to open stream: No such file or directory in /Users/MariyaHarizanova/nest22006/source/artisan on line 18
[13-Jul-2022 16:58:33 UTC] PHP Fatal error:  Uncaught Error: Failed opening required '/Users/MariyaHarizanova/nest22006/source/vendor/autoload.php' (include_path='.:/opt/homebrew/Cellar/php/8.1.5/share/php/pear') in /Users/MariyaHarizanova/nest22006/source/artisan:18
Stack trace:
#0 {main}
  thrown in /Users/MariyaHarizanova/nest22006/source/artisan on line 18
[09-Nov-2022 21:06:29 UTC] PHP Deprecated:  Return type of Illuminate\Container\Container::offsetExists($key) should either be compatible with ArrayAccess::offsetExists(mixed $offset): bool, or the #[\ReturnTypeWillChange] attribute should be used to temporarily suppress the notice in /Users/MariyaHarizanova/loyl19001/source/vendor/laravel/framework/src/Illuminate/Container/Container.php on line 1232
[09-Nov-2022 21:06:29 UTC] PHP Deprecated:  Return type of Illuminate\Container\Container::offsetGet($key) should either be compatible with ArrayAccess::offsetGet(mixed $offset): mixed, or the #[\ReturnTypeWillChange] attribute should be used to temporarily suppress the notice in /Users/MariyaHarizanova/loyl19001/source/vendor/laravel/framework/src/Illuminate/Container/Container.php on line 1243
[09-Nov-2022 21:06:29 UTC] PHP Deprecated:  Return type of Illuminate\Container\Container::offsetSet($key, $value) should either be compatible with ArrayAccess::offsetSet(mixed $offset, mixed $value): void, or the #[\ReturnTypeWillChange] attribute should be used to temporarily suppress the notice in /Users/MariyaHarizanova/loyl19001/source/vendor/laravel/framework/src/Illuminate/Container/Container.php on line 1255
[09-Nov-2022 21:06:29 UTC] PHP Deprecated:  Return type of Illuminate\Container\Container::offsetUnset($key) should either be compatible with ArrayAccess::offsetUnset(mixed $offset): void, or the #[\ReturnTypeWillChange] attribute should be used to temporarily suppress the notice in /Users/MariyaHarizanova/loyl19001/source/vendor/laravel/framework/src/Illuminate/Container/Container.php on line 1268
[09-Nov-2022 21:06:29 UTC] PHP Deprecated:  Return type of Dotenv\Environment\AbstractVariables::offsetExists($offset) should either be compatible with ArrayAccess::offsetExists(mixed $offset): bool, or the #[\ReturnTypeWillChange] attribute should be used to temporarily suppress the notice in /Users/MariyaHarizanova/loyl19001/source/vendor/vlucas/phpdotenv/src/Environment/AbstractVariables.php on line 162
[09-Nov-2022 21:06:29 UTC] PHP Deprecated:  Return type of Dotenv\Environment\AbstractVariables::offsetGet($offset) should either be compatible with ArrayAccess::offsetGet(mixed $offset): mixed, or the #[\ReturnTypeWillChange] attribute should be used to temporarily suppress the notice in /Users/MariyaHarizanova/loyl19001/source/vendor/vlucas/phpdotenv/src/Environment/AbstractVariables.php on line 170
[09-Nov-2022 21:06:29 UTC] PHP Deprecated:  Return type of Dotenv\Environment\AbstractVariables::offsetSet($offset, $value) should either be compatible with ArrayAccess::offsetSet(mixed $offset, mixed $value): void, or the #[\ReturnTypeWillChange] attribute should be used to temporarily suppress the notice in /Users/MariyaHarizanova/loyl19001/source/vendor/vlucas/phpdotenv/src/Environment/AbstractVariables.php on line 178
[09-Nov-2022 21:06:29 UTC] PHP Deprecated:  Return type of Dotenv\Environment\AbstractVariables::offsetUnset($offset) should either be compatible with ArrayAccess::offsetUnset(mixed $offset): void, or the #[\ReturnTypeWillChange] attribute should be used to temporarily suppress the notice in /Users/MariyaHarizanova/loyl19001/source/vendor/vlucas/phpdotenv/src/Environment/AbstractVariables.php on line 186
[09-Nov-2022 21:06:29 UTC] PHP Deprecated:  Return type of PhpOption\None::getIterator() should either be compatible with IteratorAggregate::getIterator(): Traversable, or the #[\ReturnTypeWillChange] attribute should be used to temporarily suppress the notice in /Users/MariyaHarizanova/loyl19001/source/vendor/phpoption/phpoption/src/PhpOption/None.php on line 118
[09-Nov-2022 21:06:29 UTC] PHP Deprecated:  Return type of PhpOption\Some::getIterator() should either be compatible with IteratorAggregate::getIterator(): Traversable, or the #[\ReturnTypeWillChange] attribute should be used to temporarily suppress the notice in /Users/MariyaHarizanova/loyl19001/source/vendor/phpoption/phpoption/src/PhpOption/Some.php on line 152
[09-Nov-2022 21:06:29 UTC] PHP Deprecated:  Return type of Illuminate\Config\Repository::offsetExists($key) should either be compatible with ArrayAccess::offsetExists(mixed $offset): bool, or the #[\ReturnTypeWillChange] attribute should be used to temporarily suppress the notice in /Users/MariyaHarizanova/loyl19001/source/vendor/laravel/framework/src/Illuminate/Config/Repository.php on line 141
[09-Nov-2022 21:06:29 UTC] PHP Deprecated:  Return type of Illuminate\Config\Repository::offsetGet($key) should either be compatible with ArrayAccess::offsetGet(mixed $offset): mixed, or the #[\ReturnTypeWillChange] attribute should be used to temporarily suppress the notice in /Users/MariyaHarizanova/loyl19001/source/vendor/laravel/framework/src/Illuminate/Config/Repository.php on line 152
[09-Nov-2022 21:06:29 UTC] PHP Deprecated:  Return type of Illuminate\Config\Repository::offsetSet($key, $value) should either be compatible with ArrayAccess::offsetSet(mixed $offset, mixed $value): void, or the #[\ReturnTypeWillChange] attribute should be used to temporarily suppress the notice in /Users/MariyaHarizanova/loyl19001/source/vendor/laravel/framework/src/Illuminate/Config/Repository.php on line 164
[09-Nov-2022 21:06:29 UTC] PHP Deprecated:  Return type of Illuminate\Config\Repository::offsetUnset($key) should either be compatible with ArrayAccess::offsetUnset(mixed $offset): void, or the #[\ReturnTypeWillChange] attribute should be used to temporarily suppress the notice in /Users/MariyaHarizanova/loyl19001/source/vendor/laravel/framework/src/Illuminate/Config/Repository.php on line 175
[09-Nov-2022 21:06:29 UTC] PHP Deprecated:  Return type of Symfony\Component\Finder\Finder::getIterator() should either be compatible with IteratorAggregate::getIterator(): Traversable, or the #[\ReturnTypeWillChange] attribute should be used to temporarily suppress the notice in /Users/MariyaHarizanova/loyl19001/source/vendor/symfony/finder/Finder.php on line 621
[09-Nov-2022 21:06:29 UTC] PHP Deprecated:  Return type of Symfony\Component\Finder\Finder::count() should either be compatible with Countable::count(): int, or the #[\ReturnTypeWillChange] attribute should be used to temporarily suppress the notice in /Users/MariyaHarizanova/loyl19001/source/vendor/symfony/finder/Finder.php on line 705
[09-Nov-2022 21:06:29 UTC] PHP Deprecated:  Return type of Symfony\Component\Finder\Iterator\FileTypeFilterIterator::accept() should either be compatible with FilterIterator::accept(): bool, or the #[\ReturnTypeWillChange] attribute should be used to temporarily suppress the notice in /Users/MariyaHarizanova/loyl19001/source/vendor/symfony/finder/Iterator/FileTypeFilterIterator.php on line 42
[09-Nov-2022 21:06:29 UTC] PHP Deprecated:  Return type of Symfony\Component\Finder\Iterator\RecursiveDirectoryIterator::getChildren() should either be compatible with RecursiveDirectoryIterator::getChildren(): RecursiveDirectoryIterator, or the #[\ReturnTypeWillChange] attribute should be used to temporarily suppress the notice in /Users/MariyaHarizanova/loyl19001/source/vendor/symfony/finder/Iterator/RecursiveDirectoryIterator.php on line 85
[09-Nov-2022 21:06:29 UTC] PHP Deprecated:  Return type of Symfony\Component\Finder\Iterator\RecursiveDirectoryIterator::rewind() should either be compatible with FilesystemIterator::rewind(): void, or the #[\ReturnTypeWillChange] attribute should be used to temporarily suppress the notice in /Users/MariyaHarizanova/loyl19001/source/vendor/symfony/finder/Iterator/RecursiveDirectoryIterator.php on line 113
[09-Nov-2022 21:06:29 UTC] PHP Deprecated:  Return type of Symfony\Component\Finder\Iterator\RecursiveDirectoryIterator::current() should either be compatible with FilesystemIterator::current(): SplFileInfo|FilesystemIterator|string, or the #[\ReturnTypeWillChange] attribute should be used to temporarily suppress the notice in /Users/MariyaHarizanova/loyl19001/source/vendor/symfony/finder/Iterator/RecursiveDirectoryIterator.php on line 61
[09-Nov-2022 21:06:29 UTC] PHP Deprecated:  Return type of Symfony\Component\Finder\Iterator\ExcludeDirectoryFilterIterator::accept() should either be compatible with FilterIterator::accept(): bool, or the #[\ReturnTypeWillChange] attribute should be used to temporarily suppress the notice in /Users/MariyaHarizanova/loyl19001/source/vendor/symfony/finder/Iterator/ExcludeDirectoryFilterIterator.php on line 55
[09-Nov-2022 21:06:29 UTC] PHP Deprecated:  Return type of Symfony\Component\Finder\Iterator\ExcludeDirectoryFilterIterator::hasChildren() should either be compatible with RecursiveIterator::hasChildren(): bool, or the #[\ReturnTypeWillChange] attribute should be used to temporarily suppress the notice in /Users/MariyaHarizanova/loyl19001/source/vendor/symfony/finder/Iterator/ExcludeDirectoryFilterIterator.php on line 74
[09-Nov-2022 21:06:29 UTC] PHP Deprecated:  Return type of Symfony\Component\Finder\Iterator\ExcludeDirectoryFilterIterator::getChildren() should either be compatible with RecursiveIterator::getChildren(): ?RecursiveIterator, or the #[\ReturnTypeWillChange] attribute should be used to temporarily suppress the notice in /Users/MariyaHarizanova/loyl19001/source/vendor/symfony/finder/Iterator/ExcludeDirectoryFilterIterator.php on line 79
[09-Nov-2022 21:06:29 UTC] PHP Deprecated:  Return type of Symfony\Component\Finder\Iterator\FilenameFilterIterator::accept() should either be compatible with FilterIterator::accept(): bool, or the #[\ReturnTypeWillChange] attribute should be used to temporarily suppress the notice in /Users/MariyaHarizanova/loyl19001/source/vendor/symfony/finder/Iterator/FilenameFilterIterator.php on line 28
[09-Nov-2022 21:06:29 UTC] PHP Deprecated:  Return type of Symfony\Component\Finder\Iterator\PathFilterIterator::accept() should either be compatible with FilterIterator::accept(): bool, or the #[\ReturnTypeWillChange] attribute should be used to temporarily suppress the notice in /Users/MariyaHarizanova/loyl19001/source/vendor/symfony/finder/Iterator/PathFilterIterator.php on line 27
[09-Nov-2022 21:06:29 UTC] PHP Fatal error:  During inheritance of ArrayAccess: Uncaught ErrorException: Return type of Illuminate\Support\Collection::offsetExists($key) should either be compatible with ArrayAccess::offsetExists(mixed $offset): bool, or the #[\ReturnTypeWillChange] attribute should be used to temporarily suppress the notice in /Users/MariyaHarizanova/loyl19001/source/vendor/laravel/framework/src/Illuminate/Support/Collection.php:1277
Stack trace:
#0 /Users/MariyaHarizanova/loyl19001/source/vendor/laravel/framework/src/Illuminate/Support/Collection.php(11): Illuminate\Foundation\Bootstrap\HandleExceptions->handleError(8192, 'Return type of ...', '/Users/MariyaHa...', 1277)
#1 /Users/MariyaHarizanova/loyl19001/source/vendor/composer/ClassLoader.php(478): include('/Users/MariyaHa...')
#2 /Users/MariyaHarizanova/loyl19001/source/vendor/composer/ClassLoader.php(346): Composer\Autoload\includeFile('/Users/MariyaHa...')
#3 /Users/MariyaHarizanova/loyl19001/source/vendor/laravel/framework/src/Illuminate/Support/helpers.php(109): Composer\Autoload\ClassLoader->loadClass('Illuminate\\Supp...')
#4 /Users/MariyaHarizanova/loyl19001/source/vendor/laravel/framework/src/Illuminate/Foundation/PackageManifest.php(89): collect(Array)
#5 /Users/MariyaHarizanova/loyl19001/source/vendor/laravel/framework/src/Illuminate/Foundation/PackageManifest.php(78): Illuminate\Foundation\PackageManifest->config('aliases')
#6 /Users/MariyaHarizanova/loyl19001/source/vendor/laravel/framework/src/Illuminate/Foundation/Bootstrap/RegisterFacades.php(26): Illuminate\Foundation\PackageManifest->aliases()
#7 /Users/MariyaHarizanova/loyl19001/source/vendor/laravel/framework/src/Illuminate/Foundation/Application.php(219): Illuminate\Foundation\Bootstrap\RegisterFacades->bootstrap(Object(Illuminate\Foundation\Application))
#8 /Users/MariyaHarizanova/loyl19001/source/vendor/laravel/framework/src/Illuminate/Foundation/Console/Kernel.php(320): Illuminate\Foundation\Application->bootstrapWith(Array)
#9 /Users/MariyaHarizanova/loyl19001/source/vendor/laravel/framework/src/Illuminate/Foundation/Console/Kernel.php(129): Illuminate\Foundation\Console\Kernel->bootstrap()
#10 /Users/MariyaHarizanova/loyl19001/source/artisan(37): Illuminate\Foundation\Console\Kernel->handle(Object(Symfony\Component\Console\Input\ArgvInput), Object(Symfony\Component\Console\Output\ConsoleOutput))
#11 {main} in /Users/MariyaHarizanova/loyl19001/source/vendor/laravel/framework/src/Illuminate/Support/Collection.php on line 11
[12-Jan-2023 13:49:10 UTC] PHP Deprecated:  Return type of Illuminate\Container\Container::offsetExists($key) should either be compatible with ArrayAccess::offsetExists(mixed $offset): bool, or the #[\ReturnTypeWillChange] attribute should be used to temporarily suppress the notice in /Users/MariyaHarizanova/tlcm20001/source/vendor/laravel/framework/src/Illuminate/Container/Container.php on line 1232
[12-Jan-2023 13:49:10 UTC] PHP Deprecated:  Return type of Illuminate\Container\Container::offsetGet($key) should either be compatible with ArrayAccess::offsetGet(mixed $offset): mixed, or the #[\ReturnTypeWillChange] attribute should be used to temporarily suppress the notice in /Users/MariyaHarizanova/tlcm20001/source/vendor/laravel/framework/src/Illuminate/Container/Container.php on line 1243
[12-Jan-2023 13:49:10 UTC] PHP Deprecated:  Return type of Illuminate\Container\Container::offsetSet($key, $value) should either be compatible with ArrayAccess::offsetSet(mixed $offset, mixed $value): void, or the #[\ReturnTypeWillChange] attribute should be used to temporarily suppress the notice in /Users/MariyaHarizanova/tlcm20001/source/vendor/laravel/framework/src/Illuminate/Container/Container.php on line 1255
[12-Jan-2023 13:49:10 UTC] PHP Deprecated:  Return type of Illuminate\Container\Container::offsetUnset($key) should either be compatible with ArrayAccess::offsetUnset(mixed $offset): void, or the #[\ReturnTypeWillChange] attribute should be used to temporarily suppress the notice in /Users/MariyaHarizanova/tlcm20001/source/vendor/laravel/framework/src/Illuminate/Container/Container.php on line 1268
[12-Jan-2023 13:49:10 UTC] PHP Deprecated:  Return type of Dotenv\Environment\AbstractVariables::offsetExists($offset) should either be compatible with ArrayAccess::offsetExists(mixed $offset): bool, or the #[\ReturnTypeWillChange] attribute should be used to temporarily suppress the notice in /Users/MariyaHarizanova/tlcm20001/source/vendor/vlucas/phpdotenv/src/Environment/AbstractVariables.php on line 162
[12-Jan-2023 13:49:10 UTC] PHP Deprecated:  Return type of Dotenv\Environment\AbstractVariables::offsetGet($offset) should either be compatible with ArrayAccess::offsetGet(mixed $offset): mixed, or the #[\ReturnTypeWillChange] attribute should be used to temporarily suppress the notice in /Users/MariyaHarizanova/tlcm20001/source/vendor/vlucas/phpdotenv/src/Environment/AbstractVariables.php on line 170
[12-Jan-2023 13:49:10 UTC] PHP Deprecated:  Return type of Dotenv\Environment\AbstractVariables::offsetSet($offset, $value) should either be compatible with ArrayAccess::offsetSet(mixed $offset, mixed $value): void, or the #[\ReturnTypeWillChange] attribute should be used to temporarily suppress the notice in /Users/MariyaHarizanova/tlcm20001/source/vendor/vlucas/phpdotenv/src/Environment/AbstractVariables.php on line 178
[12-Jan-2023 13:49:10 UTC] PHP Deprecated:  Return type of Dotenv\Environment\AbstractVariables::offsetUnset($offset) should either be compatible with ArrayAccess::offsetUnset(mixed $offset): void, or the #[\ReturnTypeWillChange] attribute should be used to temporarily suppress the notice in /Users/MariyaHarizanova/tlcm20001/source/vendor/vlucas/phpdotenv/src/Environment/AbstractVariables.php on line 186
[12-Jan-2023 13:49:10 UTC] PHP Deprecated:  Return type of PhpOption\None::getIterator() should either be compatible with IteratorAggregate::getIterator(): Traversable, or the #[\ReturnTypeWillChange] attribute should be used to temporarily suppress the notice in /Users/MariyaHarizanova/tlcm20001/source/vendor/phpoption/phpoption/src/PhpOption/None.php on line 118
[12-Jan-2023 13:49:10 UTC] PHP Deprecated:  Return type of PhpOption\Some::getIterator() should either be compatible with IteratorAggregate::getIterator(): Traversable, or the #[\ReturnTypeWillChange] attribute should be used to temporarily suppress the notice in /Users/MariyaHarizanova/tlcm20001/source/vendor/phpoption/phpoption/src/PhpOption/Some.php on line 152
[12-Jan-2023 13:49:10 UTC] PHP Deprecated:  Return type of Illuminate\Config\Repository::offsetExists($key) should either be compatible with ArrayAccess::offsetExists(mixed $offset): bool, or the #[\ReturnTypeWillChange] attribute should be used to temporarily suppress the notice in /Users/MariyaHarizanova/tlcm20001/source/vendor/laravel/framework/src/Illuminate/Config/Repository.php on line 141
[12-Jan-2023 13:49:10 UTC] PHP Deprecated:  Return type of Illuminate\Config\Repository::offsetGet($key) should either be compatible with ArrayAccess::offsetGet(mixed $offset): mixed, or the #[\ReturnTypeWillChange] attribute should be used to temporarily suppress the notice in /Users/MariyaHarizanova/tlcm20001/source/vendor/laravel/framework/src/Illuminate/Config/Repository.php on line 152
[12-Jan-2023 13:49:10 UTC] PHP Deprecated:  Return type of Illuminate\Config\Repository::offsetSet($key, $value) should either be compatible with ArrayAccess::offsetSet(mixed $offset, mixed $value): void, or the #[\ReturnTypeWillChange] attribute should be used to temporarily suppress the notice in /Users/MariyaHarizanova/tlcm20001/source/vendor/laravel/framework/src/Illuminate/Config/Repository.php on line 164
[12-Jan-2023 13:49:10 UTC] PHP Deprecated:  Return type of Illuminate\Config\Repository::offsetUnset($key) should either be compatible with ArrayAccess::offsetUnset(mixed $offset): void, or the #[\ReturnTypeWillChange] attribute should be used to temporarily suppress the notice in /Users/MariyaHarizanova/tlcm20001/source/vendor/laravel/framework/src/Illuminate/Config/Repository.php on line 175
[12-Jan-2023 13:49:10 UTC] PHP Deprecated:  Return type of Symfony\Component\Finder\Finder::getIterator() should either be compatible with IteratorAggregate::getIterator(): Traversable, or the #[\ReturnTypeWillChange] attribute should be used to temporarily suppress the notice in /Users/MariyaHarizanova/tlcm20001/source/vendor/symfony/finder/Finder.php on line 620
[12-Jan-2023 13:49:10 UTC] PHP Deprecated:  Return type of Symfony\Component\Finder\Finder::count() should either be compatible with Countable::count(): int, or the #[\ReturnTypeWillChange] attribute should be used to temporarily suppress the notice in /Users/MariyaHarizanova/tlcm20001/source/vendor/symfony/finder/Finder.php on line 701
[12-Jan-2023 13:49:10 UTC] PHP Deprecated:  Return type of Symfony\Component\Finder\Iterator\FileTypeFilterIterator::accept() should either be compatible with FilterIterator::accept(): bool, or the #[\ReturnTypeWillChange] attribute should be used to temporarily suppress the notice in /Users/MariyaHarizanova/tlcm20001/source/vendor/symfony/finder/Iterator/FileTypeFilterIterator.php on line 42
[12-Jan-2023 13:49:10 UTC] PHP Deprecated:  Return type of Symfony\Component\Finder\Iterator\RecursiveDirectoryIterator::getChildren() should either be compatible with RecursiveDirectoryIterator::getChildren(): RecursiveDirectoryIterator, or the #[\ReturnTypeWillChange] attribute should be used to temporarily suppress the notice in /Users/MariyaHarizanova/tlcm20001/source/vendor/symfony/finder/Iterator/RecursiveDirectoryIterator.php on line 85
[12-Jan-2023 13:49:10 UTC] PHP Deprecated:  Return type of Symfony\Component\Finder\Iterator\RecursiveDirectoryIterator::rewind() should either be compatible with FilesystemIterator::rewind(): void, or the #[\ReturnTypeWillChange] attribute should be used to temporarily suppress the notice in /Users/MariyaHarizanova/tlcm20001/source/vendor/symfony/finder/Iterator/RecursiveDirectoryIterator.php on line 113
[12-Jan-2023 13:49:10 UTC] PHP Deprecated:  Return type of Symfony\Component\Finder\Iterator\RecursiveDirectoryIterator::current() should either be compatible with FilesystemIterator::current(): SplFileInfo|FilesystemIterator|string, or the #[\ReturnTypeWillChange] attribute should be used to temporarily suppress the notice in /Users/MariyaHarizanova/tlcm20001/source/vendor/symfony/finder/Iterator/RecursiveDirectoryIterator.php on line 61
[12-Jan-2023 13:49:10 UTC] PHP Deprecated:  Return type of Symfony\Component\Finder\Iterator\ExcludeDirectoryFilterIterator::accept() should either be compatible with FilterIterator::accept(): bool, or the #[\ReturnTypeWillChange] attribute should be used to temporarily suppress the notice in /Users/MariyaHarizanova/tlcm20001/source/vendor/symfony/finder/Iterator/ExcludeDirectoryFilterIterator.php on line 55
[12-Jan-2023 13:49:10 UTC] PHP Deprecated:  Return type of Symfony\Component\Finder\Iterator\ExcludeDirectoryFilterIterator::hasChildren() should either be compatible with RecursiveIterator::hasChildren(): bool, or the #[\ReturnTypeWillChange] attribute should be used to temporarily suppress the notice in /Users/MariyaHarizanova/tlcm20001/source/vendor/symfony/finder/Iterator/ExcludeDirectoryFilterIterator.php on line 74
[12-Jan-2023 13:49:10 UTC] PHP Deprecated:  Return type of Symfony\Component\Finder\Iterator\ExcludeDirectoryFilterIterator::getChildren() should either be compatible with RecursiveIterator::getChildren(): ?RecursiveIterator, or the #[\ReturnTypeWillChange] attribute should be used to temporarily suppress the notice in /Users/MariyaHarizanova/tlcm20001/source/vendor/symfony/finder/Iterator/ExcludeDirectoryFilterIterator.php on line 79
[12-Jan-2023 13:49:10 UTC] PHP Deprecated:  Return type of Symfony\Component\Finder\Iterator\FilenameFilterIterator::accept() should either be compatible with FilterIterator::accept(): bool, or the #[\ReturnTypeWillChange] attribute should be used to temporarily suppress the notice in /Users/MariyaHarizanova/tlcm20001/source/vendor/symfony/finder/Iterator/FilenameFilterIterator.php on line 28
[12-Jan-2023 13:49:10 UTC] PHP Deprecated:  Return type of Symfony\Component\Finder\Iterator\PathFilterIterator::accept() should either be compatible with FilterIterator::accept(): bool, or the #[\ReturnTypeWillChange] attribute should be used to temporarily suppress the notice in /Users/MariyaHarizanova/tlcm20001/source/vendor/symfony/finder/Iterator/PathFilterIterator.php on line 27
[12-Jan-2023 13:49:10 Europe/London] PHP Fatal error:  During inheritance of ArrayAccess: Uncaught ErrorException: Return type of Illuminate\Support\Collection::offsetExists($key) should either be compatible with ArrayAccess::offsetExists(mixed $offset): bool, or the #[\ReturnTypeWillChange] attribute should be used to temporarily suppress the notice in /Users/MariyaHarizanova/tlcm20001/source/vendor/laravel/framework/src/Illuminate/Support/Collection.php:1277
Stack trace:
#0 /Users/MariyaHarizanova/tlcm20001/source/vendor/laravel/framework/src/Illuminate/Support/Collection.php(11): Illuminate\Foundation\Bootstrap\HandleExceptions->handleError(8192, 'Return type of ...', '/Users/MariyaHa...', 1277)
#1 /Users/MariyaHarizanova/tlcm20001/source/vendor/composer/ClassLoader.php(476): include('/Users/MariyaHa...')
#2 /Users/MariyaHarizanova/tlcm20001/source/vendor/composer/ClassLoader.php(344): Composer\Autoload\includeFile('/Users/MariyaHa...')
#3 /Users/MariyaHarizanova/tlcm20001/source/vendor/laravel/framework/src/Illuminate/Support/helpers.php(109): Composer\Autoload\ClassLoader->loadClass('Illuminate\\Supp...')
#4 /Users/MariyaHarizanova/tlcm20001/source/vendor/laravel/framework/src/Illuminate/Foundation/PackageManifest.php(89): collect(Array)
#5 /Users/MariyaHarizanova/tlcm20001/source/vendor/laravel/framework/src/Illuminate/Foundation/PackageManifest.php(78): Illuminate\Foundation\PackageManifest->config('aliases')
#6 /Users/MariyaHarizanova/tlcm20001/source/vendor/laravel/framework/src/Illuminate/Foundation/Bootstrap/RegisterFacades.php(26): Illuminate\Foundation\PackageManifest->aliases()
#7 /Users/MariyaHarizanova/tlcm20001/source/vendor/laravel/framework/src/Illuminate/Foundation/Application.php(219): Illuminate\Foundation\Bootstrap\RegisterFacades->bootstrap(Object(Illuminate\Foundation\Application))
#8 /Users/MariyaHarizanova/tlcm20001/source/vendor/laravel/framework/src/Illuminate/Foundation/Console/Kernel.php(320): Illuminate\Foundation\Application->bootstrapWith(Array)
#9 /Users/MariyaHarizanova/tlcm20001/source/vendor/laravel/framework/src/Illuminate/Foundation/Console/Kernel.php(129): Illuminate\Foundation\Console\Kernel->bootstrap()
#10 /Users/MariyaHarizanova/tlcm20001/source/artisan(37): Illuminate\Foundation\Console\Kernel->handle(Object(Symfony\Component\Console\Input\ArgvInput), Object(Symfony\Component\Console\Output\ConsoleOutput))
#11 {main} in /Users/MariyaHarizanova/tlcm20001/source/vendor/laravel/framework/src/Illuminate/Support/Collection.php on line 11
[23-Jan-2023 18:07:07 UTC] PHP Deprecated:  Return type of Illuminate\Container\Container::offsetExists($key) should either be compatible with ArrayAccess::offsetExists(mixed $offset): bool, or the #[\ReturnTypeWillChange] attribute should be used to temporarily suppress the notice in /Users/MariyaHarizanova/tlcm20001/source/vendor/laravel/framework/src/Illuminate/Container/Container.php on line 1232
[23-Jan-2023 18:07:07 UTC] PHP Deprecated:  Return type of Illuminate\Container\Container::offsetGet($key) should either be compatible with ArrayAccess::offsetGet(mixed $offset): mixed, or the #[\ReturnTypeWillChange] attribute should be used to temporarily suppress the notice in /Users/MariyaHarizanova/tlcm20001/source/vendor/laravel/framework/src/Illuminate/Container/Container.php on line 1243
[23-Jan-2023 18:07:07 UTC] PHP Deprecated:  Return type of Illuminate\Container\Container::offsetSet($key, $value) should either be compatible with ArrayAccess::offsetSet(mixed $offset, mixed $value): void, or the #[\ReturnTypeWillChange] attribute should be used to temporarily suppress the notice in /Users/MariyaHarizanova/tlcm20001/source/vendor/laravel/framework/src/Illuminate/Container/Container.php on line 1255
[23-Jan-2023 18:07:07 UTC] PHP Deprecated:  Return type of Illuminate\Container\Container::offsetUnset($key) should either be compatible with ArrayAccess::offsetUnset(mixed $offset): void, or the #[\ReturnTypeWillChange] attribute should be used to temporarily suppress the notice in /Users/MariyaHarizanova/tlcm20001/source/vendor/laravel/framework/src/Illuminate/Container/Container.php on line 1268
[23-Jan-2023 18:07:07 UTC] PHP Deprecated:  Return type of Dotenv\Environment\AbstractVariables::offsetExists($offset) should either be compatible with ArrayAccess::offsetExists(mixed $offset): bool, or the #[\ReturnTypeWillChange] attribute should be used to temporarily suppress the notice in /Users/MariyaHarizanova/tlcm20001/source/vendor/vlucas/phpdotenv/src/Environment/AbstractVariables.php on line 162
[23-Jan-2023 18:07:07 UTC] PHP Deprecated:  Return type of Dotenv\Environment\AbstractVariables::offsetGet($offset) should either be compatible with ArrayAccess::offsetGet(mixed $offset): mixed, or the #[\ReturnTypeWillChange] attribute should be used to temporarily suppress the notice in /Users/MariyaHarizanova/tlcm20001/source/vendor/vlucas/phpdotenv/src/Environment/AbstractVariables.php on line 170
[23-Jan-2023 18:07:07 UTC] PHP Deprecated:  Return type of Dotenv\Environment\AbstractVariables::offsetSet($offset, $value) should either be compatible with ArrayAccess::offsetSet(mixed $offset, mixed $value): void, or the #[\ReturnTypeWillChange] attribute should be used to temporarily suppress the notice in /Users/MariyaHarizanova/tlcm20001/source/vendor/vlucas/phpdotenv/src/Environment/AbstractVariables.php on line 178
[23-Jan-2023 18:07:07 UTC] PHP Deprecated:  Return type of Dotenv\Environment\AbstractVariables::offsetUnset($offset) should either be compatible with ArrayAccess::offsetUnset(mixed $offset): void, or the #[\ReturnTypeWillChange] attribute should be used to temporarily suppress the notice in /Users/MariyaHarizanova/tlcm20001/source/vendor/vlucas/phpdotenv/src/Environment/AbstractVariables.php on line 186
[23-Jan-2023 18:07:07 UTC] PHP Deprecated:  Return type of PhpOption\None::getIterator() should either be compatible with IteratorAggregate::getIterator(): Traversable, or the #[\ReturnTypeWillChange] attribute should be used to temporarily suppress the notice in /Users/MariyaHarizanova/tlcm20001/source/vendor/phpoption/phpoption/src/PhpOption/None.php on line 118
[23-Jan-2023 18:07:07 UTC] PHP Deprecated:  Return type of PhpOption\Some::getIterator() should either be compatible with IteratorAggregate::getIterator(): Traversable, or the #[\ReturnTypeWillChange] attribute should be used to temporarily suppress the notice in /Users/MariyaHarizanova/tlcm20001/source/vendor/phpoption/phpoption/src/PhpOption/Some.php on line 152
[23-Jan-2023 18:07:07 UTC] PHP Deprecated:  Return type of Illuminate\Config\Repository::offsetExists($key) should either be compatible with ArrayAccess::offsetExists(mixed $offset): bool, or the #[\ReturnTypeWillChange] attribute should be used to temporarily suppress the notice in /Users/MariyaHarizanova/tlcm20001/source/vendor/laravel/framework/src/Illuminate/Config/Repository.php on line 141
[23-Jan-2023 18:07:07 UTC] PHP Deprecated:  Return type of Illuminate\Config\Repository::offsetGet($key) should either be compatible with ArrayAccess::offsetGet(mixed $offset): mixed, or the #[\ReturnTypeWillChange] attribute should be used to temporarily suppress the notice in /Users/MariyaHarizanova/tlcm20001/source/vendor/laravel/framework/src/Illuminate/Config/Repository.php on line 152
[23-Jan-2023 18:07:07 UTC] PHP Deprecated:  Return type of Illuminate\Config\Repository::offsetSet($key, $value) should either be compatible with ArrayAccess::offsetSet(mixed $offset, mixed $value): void, or the #[\ReturnTypeWillChange] attribute should be used to temporarily suppress the notice in /Users/MariyaHarizanova/tlcm20001/source/vendor/laravel/framework/src/Illuminate/Config/Repository.php on line 164
[23-Jan-2023 18:07:07 UTC] PHP Deprecated:  Return type of Illuminate\Config\Repository::offsetUnset($key) should either be compatible with ArrayAccess::offsetUnset(mixed $offset): void, or the #[\ReturnTypeWillChange] attribute should be used to temporarily suppress the notice in /Users/MariyaHarizanova/tlcm20001/source/vendor/laravel/framework/src/Illuminate/Config/Repository.php on line 175
[23-Jan-2023 18:07:07 UTC] PHP Deprecated:  Return type of Symfony\Component\Finder\Finder::getIterator() should either be compatible with IteratorAggregate::getIterator(): Traversable, or the #[\ReturnTypeWillChange] attribute should be used to temporarily suppress the notice in /Users/MariyaHarizanova/tlcm20001/source/vendor/symfony/finder/Finder.php on line 620
[23-Jan-2023 18:07:07 UTC] PHP Deprecated:  Return type of Symfony\Component\Finder\Finder::count() should either be compatible with Countable::count(): int, or the #[\ReturnTypeWillChange] attribute should be used to temporarily suppress the notice in /Users/MariyaHarizanova/tlcm20001/source/vendor/symfony/finder/Finder.php on line 701
[23-Jan-2023 18:07:07 UTC] PHP Deprecated:  Return type of Symfony\Component\Finder\Iterator\FileTypeFilterIterator::accept() should either be compatible with FilterIterator::accept(): bool, or the #[\ReturnTypeWillChange] attribute should be used to temporarily suppress the notice in /Users/MariyaHarizanova/tlcm20001/source/vendor/symfony/finder/Iterator/FileTypeFilterIterator.php on line 42
[23-Jan-2023 18:07:07 UTC] PHP Deprecated:  Return type of Symfony\Component\Finder\Iterator\RecursiveDirectoryIterator::getChildren() should either be compatible with RecursiveDirectoryIterator::getChildren(): RecursiveDirectoryIterator, or the #[\ReturnTypeWillChange] attribute should be used to temporarily suppress the notice in /Users/MariyaHarizanova/tlcm20001/source/vendor/symfony/finder/Iterator/RecursiveDirectoryIterator.php on line 85
[23-Jan-2023 18:07:07 UTC] PHP Deprecated:  Return type of Symfony\Component\Finder\Iterator\RecursiveDirectoryIterator::rewind() should either be compatible with FilesystemIterator::rewind(): void, or the #[\ReturnTypeWillChange] attribute should be used to temporarily suppress the notice in /Users/MariyaHarizanova/tlcm20001/source/vendor/symfony/finder/Iterator/RecursiveDirectoryIterator.php on line 113
[23-Jan-2023 18:07:07 UTC] PHP Deprecated:  Return type of Symfony\Component\Finder\Iterator\RecursiveDirectoryIterator::current() should either be compatible with FilesystemIterator::current(): SplFileInfo|FilesystemIterator|string, or the #[\ReturnTypeWillChange] attribute should be used to temporarily suppress the notice in /Users/MariyaHarizanova/tlcm20001/source/vendor/symfony/finder/Iterator/RecursiveDirectoryIterator.php on line 61
[23-Jan-2023 18:07:07 UTC] PHP Deprecated:  Return type of Symfony\Component\Finder\Iterator\ExcludeDirectoryFilterIterator::accept() should either be compatible with FilterIterator::accept(): bool, or the #[\ReturnTypeWillChange] attribute should be used to temporarily suppress the notice in /Users/MariyaHarizanova/tlcm20001/source/vendor/symfony/finder/Iterator/ExcludeDirectoryFilterIterator.php on line 55
[23-Jan-2023 18:07:07 UTC] PHP Deprecated:  Return type of Symfony\Component\Finder\Iterator\ExcludeDirectoryFilterIterator::hasChildren() should either be compatible with RecursiveIterator::hasChildren(): bool, or the #[\ReturnTypeWillChange] attribute should be used to temporarily suppress the notice in /Users/MariyaHarizanova/tlcm20001/source/vendor/symfony/finder/Iterator/ExcludeDirectoryFilterIterator.php on line 74
[23-Jan-2023 18:07:07 UTC] PHP Deprecated:  Return type of Symfony\Component\Finder\Iterator\ExcludeDirectoryFilterIterator::getChildren() should either be compatible with RecursiveIterator::getChildren(): ?RecursiveIterator, or the #[\ReturnTypeWillChange] attribute should be used to temporarily suppress the notice in /Users/MariyaHarizanova/tlcm20001/source/vendor/symfony/finder/Iterator/ExcludeDirectoryFilterIterator.php on line 79
[23-Jan-2023 18:07:07 UTC] PHP Deprecated:  Return type of Symfony\Component\Finder\Iterator\FilenameFilterIterator::accept() should either be compatible with FilterIterator::accept(): bool, or the #[\ReturnTypeWillChange] attribute should be used to temporarily suppress the notice in /Users/MariyaHarizanova/tlcm20001/source/vendor/symfony/finder/Iterator/FilenameFilterIterator.php on line 28
[23-Jan-2023 18:07:07 UTC] PHP Deprecated:  Return type of Symfony\Component\Finder\Iterator\PathFilterIterator::accept() should either be compatible with FilterIterator::accept(): bool, or the #[\ReturnTypeWillChange] attribute should be used to temporarily suppress the notice in /Users/MariyaHarizanova/tlcm20001/source/vendor/symfony/finder/Iterator/PathFilterIterator.php on line 27
[23-Jan-2023 18:07:07 Europe/London] PHP Fatal error:  During inheritance of ArrayAccess: Uncaught ErrorException: Return type of Illuminate\Support\Collection::offsetExists($key) should either be compatible with ArrayAccess::offsetExists(mixed $offset): bool, or the #[\ReturnTypeWillChange] attribute should be used to temporarily suppress the notice in /Users/MariyaHarizanova/tlcm20001/source/vendor/laravel/framework/src/Illuminate/Support/Collection.php:1277
Stack trace:
#0 /Users/MariyaHarizanova/tlcm20001/source/vendor/laravel/framework/src/Illuminate/Support/Collection.php(11): Illuminate\Foundation\Bootstrap\HandleExceptions->handleError(8192, 'Return type of ...', '/Users/MariyaHa...', 1277)
#1 /Users/MariyaHarizanova/tlcm20001/source/vendor/composer/ClassLoader.php(476): include('/Users/MariyaHa...')
#2 /Users/MariyaHarizanova/tlcm20001/source/vendor/composer/ClassLoader.php(344): Composer\Autoload\includeFile('/Users/MariyaHa...')
#3 /Users/MariyaHarizanova/tlcm20001/source/vendor/laravel/framework/src/Illuminate/Support/helpers.php(109): Composer\Autoload\ClassLoader->loadClass('Illuminate\\Supp...')
#4 /Users/MariyaHarizanova/tlcm20001/source/vendor/laravel/framework/src/Illuminate/Foundation/PackageManifest.php(89): collect(Array)
#5 /Users/MariyaHarizanova/tlcm20001/source/vendor/laravel/framework/src/Illuminate/Foundation/PackageManifest.php(78): Illuminate\Foundation\PackageManifest->config('aliases')
#6 /Users/MariyaHarizanova/tlcm20001/source/vendor/laravel/framework/src/Illuminate/Foundation/Bootstrap/RegisterFacades.php(26): Illuminate\Foundation\PackageManifest->aliases()
#7 /Users/MariyaHarizanova/tlcm20001/source/vendor/laravel/framework/src/Illuminate/Foundation/Application.php(219): Illuminate\Foundation\Bootstrap\RegisterFacades->bootstrap(Object(Illuminate\Foundation\Application))
#8 /Users/MariyaHarizanova/tlcm20001/source/vendor/laravel/framework/src/Illuminate/Foundation/Console/Kernel.php(320): Illuminate\Foundation\Application->bootstrapWith(Array)
#9 /Users/MariyaHarizanova/tlcm20001/source/vendor/laravel/framework/src/Illuminate/Foundation/Console/Kernel.php(129): Illuminate\Foundation\Console\Kernel->bootstrap()
#10 /Users/MariyaHarizanova/tlcm20001/source/artisan(37): Illuminate\Foundation\Console\Kernel->handle(Object(Symfony\Component\Console\Input\ArgvInput), Object(Symfony\Component\Console\Output\ConsoleOutput))
#11 {main} in /Users/MariyaHarizanova/tlcm20001/source/vendor/laravel/framework/src/Illuminate/Support/Collection.php on line 11
[09-Oct-2023 13:44:33 UTC] PHP Deprecated:  Return type of Illuminate\Container\Container::offsetExists($key) should either be compatible with ArrayAccess::offsetExists(mixed $offset): bool, or the #[\ReturnTypeWillChange] attribute should be used to temporarily suppress the notice in /Users/MariyaHarizanova/loyl19001/source/vendor/laravel/framework/src/Illuminate/Container/Container.php on line 1270
[09-Oct-2023 13:44:33 UTC] PHP Deprecated:  Return type of Illuminate\Container\Container::offsetGet($key) should either be compatible with ArrayAccess::offsetGet(mixed $offset): mixed, or the #[\ReturnTypeWillChange] attribute should be used to temporarily suppress the notice in /Users/MariyaHarizanova/loyl19001/source/vendor/laravel/framework/src/Illuminate/Container/Container.php on line 1281
[09-Oct-2023 13:44:33 UTC] PHP Deprecated:  Return type of Illuminate\Container\Container::offsetSet($key, $value) should either be compatible with ArrayAccess::offsetSet(mixed $offset, mixed $value): void, or the #[\ReturnTypeWillChange] attribute should be used to temporarily suppress the notice in /Users/MariyaHarizanova/loyl19001/source/vendor/laravel/framework/src/Illuminate/Container/Container.php on line 1293
[09-Oct-2023 13:44:33 UTC] PHP Deprecated:  Return type of Illuminate\Container\Container::offsetUnset($key) should either be compatible with ArrayAccess::offsetUnset(mixed $offset): void, or the #[\ReturnTypeWillChange] attribute should be used to temporarily suppress the notice in /Users/MariyaHarizanova/loyl19001/source/vendor/laravel/framework/src/Illuminate/Container/Container.php on line 1306
[09-Oct-2023 13:44:33 UTC] PHP Deprecated:  Return type of Illuminate\Config\Repository::offsetExists($key) should either be compatible with ArrayAccess::offsetExists(mixed $offset): bool, or the #[\ReturnTypeWillChange] attribute should be used to temporarily suppress the notice in /Users/MariyaHarizanova/loyl19001/source/vendor/laravel/framework/src/Illuminate/Config/Repository.php on line 141
[09-Oct-2023 13:44:33 UTC] PHP Deprecated:  Return type of Illuminate\Config\Repository::offsetGet($key) should either be compatible with ArrayAccess::offsetGet(mixed $offset): mixed, or the #[\ReturnTypeWillChange] attribute should be used to temporarily suppress the notice in /Users/MariyaHarizanova/loyl19001/source/vendor/laravel/framework/src/Illuminate/Config/Repository.php on line 152
[09-Oct-2023 13:44:33 UTC] PHP Deprecated:  Return type of Illuminate\Config\Repository::offsetSet($key, $value) should either be compatible with ArrayAccess::offsetSet(mixed $offset, mixed $value): void, or the #[\ReturnTypeWillChange] attribute should be used to temporarily suppress the notice in /Users/MariyaHarizanova/loyl19001/source/vendor/laravel/framework/src/Illuminate/Config/Repository.php on line 164
[09-Oct-2023 13:44:33 UTC] PHP Deprecated:  Return type of Illuminate\Config\Repository::offsetUnset($key) should either be compatible with ArrayAccess::offsetUnset(mixed $offset): void, or the #[\ReturnTypeWillChange] attribute should be used to temporarily suppress the notice in /Users/MariyaHarizanova/loyl19001/source/vendor/laravel/framework/src/Illuminate/Config/Repository.php on line 175
[09-Oct-2023 13:44:33 UTC] PHP Fatal error:  During inheritance of ArrayAccess: Uncaught ErrorException: Return type of Illuminate\Support\Collection::offsetExists($key) should either be compatible with ArrayAccess::offsetExists(mixed $offset): bool, or the #[\ReturnTypeWillChange] attribute should be used to temporarily suppress the notice in /Users/MariyaHarizanova/loyl19001/source/vendor/laravel/framework/src/Illuminate/Support/Collection.php:1349
Stack trace:
#0 /Users/MariyaHarizanova/loyl19001/source/vendor/laravel/framework/src/Illuminate/Support/Collection.php(11): Illuminate\Foundation\Bootstrap\HandleExceptions->handleError(8192, 'Return type of ...', '/Users/MariyaHa...', 1349)
#1 /Users/MariyaHarizanova/loyl19001/source/vendor/composer/ClassLoader.php(478): include('/Users/MariyaHa...')
#2 /Users/MariyaHarizanova/loyl19001/source/vendor/composer/ClassLoader.php(346): Composer\Autoload\includeFile('/Users/MariyaHa...')
#3 /Users/MariyaHarizanova/loyl19001/source/vendor/laravel/framework/src/Illuminate/Support/helpers.php(110): Composer\Autoload\ClassLoader->loadClass('Illuminate\\Supp...')
#4 /Users/MariyaHarizanova/loyl19001/source/vendor/laravel/framework/src/Illuminate/Foundation/PackageManifest.php(89): collect(Array)
#5 /Users/MariyaHarizanova/loyl19001/source/vendor/laravel/framework/src/Illuminate/Foundation/PackageManifest.php(78): Illuminate\Foundation\PackageManifest->config('aliases')
#6 /Users/MariyaHarizanova/loyl19001/source/vendor/laravel/framework/src/Illuminate/Foundation/Bootstrap/RegisterFacades.php(26): Illuminate\Foundation\PackageManifest->aliases()
#7 /Users/MariyaHarizanova/loyl19001/source/vendor/laravel/framework/src/Illuminate/Foundation/Application.php(230): Illuminate\Foundation\Bootstrap\RegisterFacades->bootstrap(Object(Illuminate\Foundation\Application))
#8 /Users/MariyaHarizanova/loyl19001/source/vendor/laravel/framework/src/Illuminate/Foundation/Console/Kernel.php(310): Illuminate\Foundation\Application->bootstrapWith(Array)
#9 /Users/MariyaHarizanova/loyl19001/source/vendor/laravel/framework/src/Illuminate/Foundation/Console/Kernel.php(127): Illuminate\Foundation\Console\Kernel->bootstrap()
#10 /Users/MariyaHarizanova/loyl19001/source/artisan(37): Illuminate\Foundation\Console\Kernel->handle(Object(Symfony\Component\Console\Input\ArgvInput), Object(Symfony\Component\Console\Output\ConsoleOutput))
#11 {main} in /Users/MariyaHarizanova/loyl19001/source/vendor/laravel/framework/src/Illuminate/Support/Collection.php on line 11
[26-Oct-2023 13:19:20 UTC] PHP Deprecated:  Return type of Illuminate\Container\Container::offsetExists($key) should either be compatible with ArrayAccess::offsetExists(mixed $offset): bool, or the #[\ReturnTypeWillChange] attribute should be used to temporarily suppress the notice in /Users/MariyaHarizanova/loyl19001/source/vendor/laravel/framework/src/Illuminate/Container/Container.php on line 1270
[26-Oct-2023 13:19:20 UTC] PHP Deprecated:  Return type of Illuminate\Container\Container::offsetGet($key) should either be compatible with ArrayAccess::offsetGet(mixed $offset): mixed, or the #[\ReturnTypeWillChange] attribute should be used to temporarily suppress the notice in /Users/MariyaHarizanova/loyl19001/source/vendor/laravel/framework/src/Illuminate/Container/Container.php on line 1281
[26-Oct-2023 13:19:20 UTC] PHP Deprecated:  Return type of Illuminate\Container\Container::offsetSet($key, $value) should either be compatible with ArrayAccess::offsetSet(mixed $offset, mixed $value): void, or the #[\ReturnTypeWillChange] attribute should be used to temporarily suppress the notice in /Users/MariyaHarizanova/loyl19001/source/vendor/laravel/framework/src/Illuminate/Container/Container.php on line 1293
[26-Oct-2023 13:19:20 UTC] PHP Deprecated:  Return type of Illuminate\Container\Container::offsetUnset($key) should either be compatible with ArrayAccess::offsetUnset(mixed $offset): void, or the #[\ReturnTypeWillChange] attribute should be used to temporarily suppress the notice in /Users/MariyaHarizanova/loyl19001/source/vendor/laravel/framework/src/Illuminate/Container/Container.php on line 1306
[26-Oct-2023 13:19:20 UTC] PHP Deprecated:  Return type of Illuminate\Config\Repository::offsetExists($key) should either be compatible with ArrayAccess::offsetExists(mixed $offset): bool, or the #[\ReturnTypeWillChange] attribute should be used to temporarily suppress the notice in /Users/MariyaHarizanova/loyl19001/source/vendor/laravel/framework/src/Illuminate/Config/Repository.php on line 141
[26-Oct-2023 13:19:20 UTC] PHP Deprecated:  Return type of Illuminate\Config\Repository::offsetGet($key) should either be compatible with ArrayAccess::offsetGet(mixed $offset): mixed, or the #[\ReturnTypeWillChange] attribute should be used to temporarily suppress the notice in /Users/MariyaHarizanova/loyl19001/source/vendor/laravel/framework/src/Illuminate/Config/Repository.php on line 152
[26-Oct-2023 13:19:20 UTC] PHP Deprecated:  Return type of Illuminate\Config\Repository::offsetSet($key, $value) should either be compatible with ArrayAccess::offsetSet(mixed $offset, mixed $value): void, or the #[\ReturnTypeWillChange] attribute should be used to temporarily suppress the notice in /Users/MariyaHarizanova/loyl19001/source/vendor/laravel/framework/src/Illuminate/Config/Repository.php on line 164
[26-Oct-2023 13:19:20 UTC] PHP Deprecated:  Return type of Illuminate\Config\Repository::offsetUnset($key) should either be compatible with ArrayAccess::offsetUnset(mixed $offset): void, or the #[\ReturnTypeWillChange] attribute should be used to temporarily suppress the notice in /Users/MariyaHarizanova/loyl19001/source/vendor/laravel/framework/src/Illuminate/Config/Repository.php on line 175
[26-Oct-2023 13:19:20 UTC] PHP Fatal error:  During inheritance of ArrayAccess: Uncaught ErrorException: Return type of Illuminate\Support\Collection::offsetExists($key) should either be compatible with ArrayAccess::offsetExists(mixed $offset): bool, or the #[\ReturnTypeWillChange] attribute should be used to temporarily suppress the notice in /Users/MariyaHarizanova/loyl19001/source/vendor/laravel/framework/src/Illuminate/Support/Collection.php:1349
Stack trace:
#0 /Users/MariyaHarizanova/loyl19001/source/vendor/laravel/framework/src/Illuminate/Support/Collection.php(11): Illuminate\Foundation\Bootstrap\HandleExceptions->handleError(8192, 'Return type of ...', '/Users/MariyaHa...', 1349)
#1 /Users/MariyaHarizanova/loyl19001/source/vendor/composer/ClassLoader.php(478): include('/Users/MariyaHa...')
#2 /Users/MariyaHarizanova/loyl19001/source/vendor/composer/ClassLoader.php(346): Composer\Autoload\includeFile('/Users/MariyaHa...')
#3 /Users/MariyaHarizanova/loyl19001/source/vendor/laravel/framework/src/Illuminate/Support/helpers.php(110): Composer\Autoload\ClassLoader->loadClass('Illuminate\\Supp...')
#4 /Users/MariyaHarizanova/loyl19001/source/vendor/laravel/framework/src/Illuminate/Foundation/PackageManifest.php(89): collect(Array)
#5 /Users/MariyaHarizanova/loyl19001/source/vendor/laravel/framework/src/Illuminate/Foundation/PackageManifest.php(78): Illuminate\Foundation\PackageManifest->config('aliases')
#6 /Users/MariyaHarizanova/loyl19001/source/vendor/laravel/framework/src/Illuminate/Foundation/Bootstrap/RegisterFacades.php(26): Illuminate\Foundation\PackageManifest->aliases()
#7 /Users/MariyaHarizanova/loyl19001/source/vendor/laravel/framework/src/Illuminate/Foundation/Application.php(230): Illuminate\Foundation\Bootstrap\RegisterFacades->bootstrap(Object(Illuminate\Foundation\Application))
#8 /Users/MariyaHarizanova/loyl19001/source/vendor/laravel/framework/src/Illuminate/Foundation/Console/Kernel.php(310): Illuminate\Foundation\Application->bootstrapWith(Array)
#9 /Users/MariyaHarizanova/loyl19001/source/vendor/laravel/framework/src/Illuminate/Foundation/Console/Kernel.php(127): Illuminate\Foundation\Console\Kernel->bootstrap()
#10 /Users/MariyaHarizanova/loyl19001/source/artisan(37): Illuminate\Foundation\Console\Kernel->handle(Object(Symfony\Component\Console\Input\ArgvInput), Object(Symfony\Component\Console\Output\ConsoleOutput))
#11 {main} in /Users/MariyaHarizanova/loyl19001/source/vendor/laravel/framework/src/Illuminate/Support/Collection.php on line 11
[26-Oct-2023 13:20:58 UTC] PHP Deprecated:  Return type of Illuminate\Container\Container::offsetExists($key) should either be compatible with ArrayAccess::offsetExists(mixed $offset): bool, or the #[\ReturnTypeWillChange] attribute should be used to temporarily suppress the notice in /Users/MariyaHarizanova/loyl19001/source/vendor/laravel/framework/src/Illuminate/Container/Container.php on line 1270
[26-Oct-2023 13:20:58 UTC] PHP Deprecated:  Return type of Illuminate\Container\Container::offsetGet($key) should either be compatible with ArrayAccess::offsetGet(mixed $offset): mixed, or the #[\ReturnTypeWillChange] attribute should be used to temporarily suppress the notice in /Users/MariyaHarizanova/loyl19001/source/vendor/laravel/framework/src/Illuminate/Container/Container.php on line 1281
[26-Oct-2023 13:20:58 UTC] PHP Deprecated:  Return type of Illuminate\Container\Container::offsetSet($key, $value) should either be compatible with ArrayAccess::offsetSet(mixed $offset, mixed $value): void, or the #[\ReturnTypeWillChange] attribute should be used to temporarily suppress the notice in /Users/MariyaHarizanova/loyl19001/source/vendor/laravel/framework/src/Illuminate/Container/Container.php on line 1293
[26-Oct-2023 13:20:58 UTC] PHP Deprecated:  Return type of Illuminate\Container\Container::offsetUnset($key) should either be compatible with ArrayAccess::offsetUnset(mixed $offset): void, or the #[\ReturnTypeWillChange] attribute should be used to temporarily suppress the notice in /Users/MariyaHarizanova/loyl19001/source/vendor/laravel/framework/src/Illuminate/Container/Container.php on line 1306
[26-Oct-2023 13:20:58 UTC] PHP Deprecated:  Return type of Illuminate\Config\Repository::offsetExists($key) should either be compatible with ArrayAccess::offsetExists(mixed $offset): bool, or the #[\ReturnTypeWillChange] attribute should be used to temporarily suppress the notice in /Users/MariyaHarizanova/loyl19001/source/vendor/laravel/framework/src/Illuminate/Config/Repository.php on line 141
[26-Oct-2023 13:20:58 UTC] PHP Deprecated:  Return type of Illuminate\Config\Repository::offsetGet($key) should either be compatible with ArrayAccess::offsetGet(mixed $offset): mixed, or the #[\ReturnTypeWillChange] attribute should be used to temporarily suppress the notice in /Users/MariyaHarizanova/loyl19001/source/vendor/laravel/framework/src/Illuminate/Config/Repository.php on line 152
[26-Oct-2023 13:20:58 UTC] PHP Deprecated:  Return type of Illuminate\Config\Repository::offsetSet($key, $value) should either be compatible with ArrayAccess::offsetSet(mixed $offset, mixed $value): void, or the #[\ReturnTypeWillChange] attribute should be used to temporarily suppress the notice in /Users/MariyaHarizanova/loyl19001/source/vendor/laravel/framework/src/Illuminate/Config/Repository.php on line 164
[26-Oct-2023 13:20:58 UTC] PHP Deprecated:  Return type of Illuminate\Config\Repository::offsetUnset($key) should either be compatible with ArrayAccess::offsetUnset(mixed $offset): void, or the #[\ReturnTypeWillChange] attribute should be used to temporarily suppress the notice in /Users/MariyaHarizanova/loyl19001/source/vendor/laravel/framework/src/Illuminate/Config/Repository.php on line 175
[26-Oct-2023 13:20:58 UTC] PHP Fatal error:  During inheritance of ArrayAccess: Uncaught ErrorException: Return type of Illuminate\Support\Collection::offsetExists($key) should either be compatible with ArrayAccess::offsetExists(mixed $offset): bool, or the #[\ReturnTypeWillChange] attribute should be used to temporarily suppress the notice in /Users/MariyaHarizanova/loyl19001/source/vendor/laravel/framework/src/Illuminate/Support/Collection.php:1349
Stack trace:
#0 /Users/MariyaHarizanova/loyl19001/source/vendor/laravel/framework/src/Illuminate/Support/Collection.php(11): Illuminate\Foundation\Bootstrap\HandleExceptions->handleError(8192, 'Return type of ...', '/Users/MariyaHa...', 1349)
#1 /Users/MariyaHarizanova/loyl19001/source/vendor/composer/ClassLoader.php(478): include('/Users/MariyaHa...')
#2 /Users/MariyaHarizanova/loyl19001/source/vendor/composer/ClassLoader.php(346): Composer\Autoload\includeFile('/Users/MariyaHa...')
#3 /Users/MariyaHarizanova/loyl19001/source/vendor/laravel/framework/src/Illuminate/Support/helpers.php(110): Composer\Autoload\ClassLoader->loadClass('Illuminate\\Supp...')
#4 /Users/MariyaHarizanova/loyl19001/source/vendor/laravel/framework/src/Illuminate/Foundation/PackageManifest.php(89): collect(Array)
#5 /Users/MariyaHarizanova/loyl19001/source/vendor/laravel/framework/src/Illuminate/Foundation/PackageManifest.php(78): Illuminate\Foundation\PackageManifest->config('aliases')
#6 /Users/MariyaHarizanova/loyl19001/source/vendor/laravel/framework/src/Illuminate/Foundation/Bootstrap/RegisterFacades.php(26): Illuminate\Foundation\PackageManifest->aliases()
#7 /Users/MariyaHarizanova/loyl19001/source/vendor/laravel/framework/src/Illuminate/Foundation/Application.php(230): Illuminate\Foundation\Bootstrap\RegisterFacades->bootstrap(Object(Illuminate\Foundation\Application))
#8 /Users/MariyaHarizanova/loyl19001/source/vendor/laravel/framework/src/Illuminate/Foundation/Console/Kernel.php(310): Illuminate\Foundation\Application->bootstrapWith(Array)
#9 /Users/MariyaHarizanova/loyl19001/source/vendor/laravel/framework/src/Illuminate/Foundation/Console/Kernel.php(127): Illuminate\Foundation\Console\Kernel->bootstrap()
#10 /Users/MariyaHarizanova/loyl19001/source/artisan(37): Illuminate\Foundation\Console\Kernel->handle(Object(Symfony\Component\Console\Input\ArgvInput), Object(Symfony\Component\Console\Output\ConsoleOutput))
#11 {main} in /Users/MariyaHarizanova/loyl19001/source/vendor/laravel/framework/src/Illuminate/Support/Collection.php on line 11
[04-Dec-2023 19:08:59 UTC] PHP Fatal error:  Unparenthesized `a ? b : c ? d : e` is not supported. Use either `(a ? b : c) ? d : e` or `a ? b : (c ? d : e)` in /Users/MariyaHarizanova/mcrd21009/source/vendor/brandmovers/mastercard-rewards-system/src/helpers.php on line 111
[04-Dec-2023 19:09:19 UTC] PHP Fatal error:  Unparenthesized `a ? b : c ? d : e` is not supported. Use either `(a ? b : c) ? d : e` or `a ? b : (c ? d : e)` in /Users/MariyaHarizanova/mcrd21009/source/vendor/brandmovers/mastercard-rewards-system/src/helpers.php on line 111
[04-Dec-2023 19:09:39 UTC] PHP Fatal error:  Unparenthesized `a ? b : c ? d : e` is not supported. Use either `(a ? b : c) ? d : e` or `a ? b : (c ? d : e)` in /Users/MariyaHarizanova/mcrd21009/source/vendor/brandmovers/mastercard-rewards-system/src/helpers.php on line 111
[05-Dec-2023 01:03:33 UTC] PHP Fatal error:  Unparenthesized `a ? b : c ? d : e` is not supported. Use either `(a ? b : c) ? d : e` or `a ? b : (c ? d : e)` in /Users/MariyaHarizanova/mcrd21009/source/vendor/brandmovers/mastercard-rewards-system/src/helpers.php on line 111
